2021-03-24T05:27:57+00:00 NOTICE action_scheduler.queue_job :: MailChimp_WooCommerce_Cart_Update queued :: obj_id 56404005ad05cbb45004348e4e558291
2021-03-24T05:27:59+00:00 NOTICE abandoned_cart.success :: email: mstkmldn@gmail.com :: checkout_url: https://informatics.edu.ph/checkout/?mc_cart_id=56404005ad05cbb45004348e4e558291
2021-03-24T05:28:00+00:00 NOTICE cart.member.updated :: Updated mstkmldn@gmail.com subscriber status to transactional and language to en
2021-03-24T05:37:52+00:00 NOTICE action_scheduler.queue_job :: MailChimp_WooCommerce_Single_Order starts in 90 seconds :: obj_id 4484
2021-03-24T05:37:55+00:00 NOTICE debug :: Order ID 4484 was pending and is now on-hold :: Array
(
    [new_order] => 
    [tracking] => 
)

2021-03-24T05:40:22+00:00 NOTICE system.debug :: order 4484 is in on-hold status, and is being skipped for now.
2021-03-24T05:45:14+00:00 NOTICE action_scheduler.queue_job :: MailChimp_WooCommerce_Cart_Update queued :: obj_id 56404005ad05cbb45004348e4e558291
2021-03-24T05:45:23+00:00 NOTICE abandoned_cart.success :: email: mstkmldn@gmail.com :: checkout_url: https://informatics.edu.ph/checkout/?mc_cart_id=56404005ad05cbb45004348e4e558291
2021-03-24T06:02:40+00:00 NOTICE action_scheduler.queue_job :: MailChimp_WooCommerce_User_Submit queued :: obj_id 456
2021-03-24T06:02:41+00:00 NOTICE action_scheduler.queue_job :: MailChimp_WooCommerce_Single_Order starts in 90 seconds :: obj_id 4485
2021-03-24T06:02:44+00:00 NOTICE debug :: Order ID 4485 was pending and is now on-hold :: Array
(
    [new_order] => 
    [tracking] => 
)

2021-03-24T06:03:20+00:00 NOTICE member.sync :: Updated Member mstkmldn@gmail.com :: Array
(
    [previous_status] => transactional
    [status] => 1
    [merge_fields] => Array
        (
            [FNAME] => MOSTAFA
            [LNAME] => SAIFURAHMAN
        )

)

2021-03-24T06:04:21+00:00 NOTICE system.debug :: order 4485 is in on-hold status, and is being skipped for now.
